#
# There is insufficient memory for the Java Runtime Environment to continue.
# Native memory allocation (mmap) failed to map 106954752 bytes for G1 virtual space
# Possible reasons:
#   The system is out of physical RAM or swap space
#   The process is running with CompressedOops enabled, and the Java Heap may be blocking the growth of the native heap
# Possible solutions:
#   Reduce memory load on the system
#   Increase physical memory or swap space
#   Check if swap backing store is full
#   Decrease Java heap size (-Xmx/-Xms)
#   Decrease number of Java threads
#   Decrease Java thread stack sizes (-Xss)
#   Set larger code cache with -XX:ReservedCodeCacheSize=
#   JVM is running with Zero Based Compressed Oops mode in which the Java heap is
#     placed in the first 32GB address space. The Java Heap base address is the
#     maximum limit for the native heap growth. Please use -XX:HeapBaseMinAddress
#     to set the Java Heap base and to place the Java Heap above 32GB virtual address.
# This output file may be truncated or incomplete.
#
#  Out of Memory Error (os_windows.cpp:3527), pid=63776, tid=64272
#
# JRE version: Java(TM) SE Runtime Environment (19.0.1+10) (build 19.0.1+10-21)
# Java VM: Java HotSpot(TM) 64-Bit Server VM (19.0.1+10-21, mixed mode, sharing, tiered, compressed oops, compressed class ptrs, g1 gc, windows-amd64)
# No core dump will be written. Minidumps are not enabled by default on client versions of Windows
#

---------------  S U M M A R Y ------------

Command Line: -Dfile.encoding=x-windows-949 -Duser.country=KR -Duser.language=ko -Duser.variant com.jay.demo.DemoApplication

Host: AMD Ryzen 5 5600X 6-Core Processor             , 12 cores, 15G,  Windows 10 , 64 bit Build 19041 (10.0.19041.2364)
Time: Thu Dec 22 23:27:00 2022  Windows 10 , 64 bit Build 19041 (10.0.19041.2364) elapsed time: 19.650190 seconds (0d 0h 0m 19s)

---------------  T H R E A D  ---------------

Current thread (0x000001ccddf8ffa0):  VMThread "VM Thread" [stack: 0x0000003432200000,0x0000003432300000] [id=64272]

Stack: [0x0000003432200000,0x0000003432300000]
Native frames: (J=compiled Java code, j=interpreted, Vv=VM code, C=native code)
V  [jvm.dll+0x6ee8fa]
V  [jvm.dll+0x857a1e]
V  [jvm.dll+0x85940e]
V  [jvm.dll+0x859ac3]
V  [jvm.dll+0x28291f]
V  [jvm.dll+0x6eb6e9]
V  [jvm.dll+0x6e028a]
V  [jvm.dll+0x357136]
V  [jvm.dll+0x35eb96]
V  [jvm.dll+0x3b555e]
V  [jvm.dll+0x3b578f]
V  [jvm.dll+0x32c6ea]
V  [jvm.dll+0x32c797]
V  [jvm.dll+0x374b52]
V  [jvm.dll+0x37328f]
V  [jvm.dll+0x32bf10]
V  [jvm.dll+0x37282b]
V  [jvm.dll+0x85ef83]
V  [jvm.dll+0x85fd49]
V  [jvm.dll+0x86027d]
V  [jvm.dll+0x86070b]
V  [jvm.dll+0x8607c7]
V  [jvm.dll+0x8015fa]
V  [jvm.dll+0x6ed5eb]
C  [ucrtbase.dll+0x21bb2]
C  [KERNEL32.DLL+0x17614]
C  [ntdll.dll+0x526a1]

VM_Operation (0x0000003434cfbbd0): G1CollectForAllocation, mode: safepoint, requested by thread 0x000001cce7a87800


---------------  P R O C E S S  ---------------

Threads class SMR info:
_java_thread_list=0x000001cce6fb78e0, length=30, elements={
0x000001ccddfab7c0, 0x000001ccddfac750, 0x000001ccddfafff0, 0x000001ccddfb5ae0,
0x000001ccddfbc480, 0x000001ccddfbd230, 0x000001ccddfc1770, 0x000001ccddfc01e0,
0x000001cce2c21490, 0x000001cce2d40890, 0x000001cce2d44ef0, 0x000001cce4cf3030,
0x000001cce55fef60, 0x000001cce4e7aed0, 0x000001cce4fa99c0, 0x000001cce4fac990,
0x000001cce4fa9f10, 0x000001cce4faa460, 0x000001cce4fab450, 0x000001cce4faaf00,
0x000001cce4facee0, 0x000001cce4faa9b0, 0x000001cce4fab9a0, 0x000001cce4fac440,
0x000001cce4fabef0, 0x000001cce7a87800, 0x000001cce7a86d60, 0x000001cce7a87d50,
0x000001cce7a85d70, 0x000001cce7a852d0
}

Java Threads: ( => current thread )
  0x000001ccddfab7c0 JavaThread "Reference Handler" daemon [_thread_blocked, id=45008, stack(0x0000003432300000,0x0000003432400000)]
  0x000001ccddfac750 JavaThread "Finalizer" daemon [_thread_blocked, id=58296, stack(0x0000003432400000,0x0000003432500000)]
  0x000001ccddfafff0 JavaThread "Signal Dispatcher" daemon [_thread_blocked, id=4040, stack(0x0000003432500000,0x0000003432600000)]
  0x000001ccddfb5ae0 JavaThread "Attach Listener" daemon [_thread_blocked, id=63792, stack(0x0000003432600000,0x0000003432700000)]
  0x000001ccddfbc480 JavaThread "Service Thread" daemon [_thread_blocked, id=46428, stack(0x0000003432700000,0x0000003432800000)]
  0x000001ccddfbd230 JavaThread "Monitor Deflation Thread" daemon [_thread_blocked, id=64084, stack(0x0000003432800000,0x0000003432900000)]
  0x000001ccddfc1770 JavaThread "C2 CompilerThread0" daemon [_thread_blocked, id=61728, stack(0x0000003432900000,0x0000003432a00000)]
  0x000001ccddfc01e0 JavaThread "C1 CompilerThread0" daemon [_thread_blocked, id=63540, stack(0x0000003432a00000,0x0000003432b00000)]
  0x000001cce2c21490 JavaThread "Sweeper thread" daemon [_thread_blocked, id=57732, stack(0x0000003432b00000,0x0000003432c00000)]
  0x000001cce2d40890 JavaThread "Notification Thread" daemon [_thread_blocked, id=61844, stack(0x0000003432c00000,0x0000003432d00000)]
  0x000001cce2d44ef0 JavaThread "Common-Cleaner" daemon [_thread_blocked, id=59388, stack(0x0000003432e00000,0x0000003432f00000)]
  0x000001cce4cf3030 JavaThread "Catalina-utility-1" [_thread_blocked, id=63628, stack(0x0000003433e00000,0x0000003433f00000)]
  0x000001cce55fef60 JavaThread "Catalina-utility-2" [_thread_blocked, id=63748, stack(0x0000003433f00000,0x0000003434000000)]
  0x000001cce4e7aed0 JavaThread "container-0" [_thread_blocked, id=64204, stack(0x0000003434000000,0x0000003434100000)]
  0x000001cce4fa99c0 JavaThread "File Watcher" daemon [_thread_blocked, id=58916, stack(0x0000003434100000,0x0000003434200000)]
  0x000001cce4fac990 JavaThread "Live Reload Server" daemon [_thread_in_native, id=64868, stack(0x0000003434300000,0x0000003434400000)]
  0x000001cce4fa9f10 JavaThread "http-nio-8080-exec-1" daemon [_thread_blocked, id=46128, stack(0x0000003434200000,0x0000003434300000)]
  0x000001cce4faa460 JavaThread "http-nio-8080-exec-2" daemon [_thread_blocked, id=63692, stack(0x0000003434400000,0x0000003434500000)]
  0x000001cce4fab450 JavaThread "http-nio-8080-exec-3" daemon [_thread_blocked, id=17216, stack(0x0000003434500000,0x0000003434600000)]
  0x000001cce4faaf00 JavaThread "http-nio-8080-exec-4" daemon [_thread_blocked, id=64808, stack(0x0000003434600000,0x0000003434700000)]
  0x000001cce4facee0 JavaThread "http-nio-8080-exec-5" daemon [_thread_blocked, id=64744, stack(0x0000003434700000,0x0000003434800000)]
  0x000001cce4faa9b0 JavaThread "http-nio-8080-exec-6" daemon [_thread_blocked, id=64728, stack(0x0000003434800000,0x0000003434900000)]
  0x000001cce4fab9a0 JavaThread "http-nio-8080-exec-7" daemon [_thread_blocked, id=59580, stack(0x0000003434900000,0x0000003434a00000)]
  0x000001cce4fac440 JavaThread "http-nio-8080-exec-8" daemon [_thread_blocked, id=64628, stack(0x0000003434a00000,0x0000003434b00000)]
  0x000001cce4fabef0 JavaThread "http-nio-8080-exec-9" daemon [_thread_blocked, id=64772, stack(0x0000003434b00000,0x0000003434c00000)]
  0x000001cce7a87800 JavaThread "http-nio-8080-exec-10" daemon [_thread_blocked, id=64712, stack(0x0000003434c00000,0x0000003434d00000)]
  0x000001cce7a86d60 JavaThread "http-nio-8080-Poller" daemon [_thread_in_native, id=63508, stack(0x0000003434d00000,0x0000003434e00000)]
  0x000001cce7a87d50 JavaThread "http-nio-8080-Acceptor" daemon [_thread_in_native, id=64672, stack(0x0000003434e00000,0x0000003434f00000)]
  0x000001cce7a85d70 JavaThread "DestroyJavaVM" [_thread_blocked, id=59264, stack(0x0000003431c00000,0x0000003431d00000)]
  0x000001cce7a852d0 JavaThread "HikariPool-1 housekeeper" daemon [_thread_blocked, id=65532, stack(0x0000003433000000,0x0000003433100000)]

Other Threads:
=>0x000001ccddf8ffa0 VMThread "VM Thread" [stack: 0x0000003432200000,0x0000003432300000] [id=64272]
  0x000001cce2d42de0 WatcherThread "VM Periodic Task Thread" [stack: 0x0000003432d00000,0x0000003432e00000] [id=43084]
  0x000001ccb908a580 WorkerThread "GC Thread#0" [stack: 0x0000003431d00000,0x0000003431e00000] [id=43156]
  0x000001cce3872ac0 WorkerThread "GC Thread#1" [stack: 0x0000003433200000,0x0000003433300000] [id=56860]
  0x000001cce3871170 WorkerThread "GC Thread#2" [stack: 0x0000003433300000,0x0000003433400000] [id=65368]
  0x000001cce3872250 WorkerThread "GC Thread#3" [stack: 0x0000003433400000,0x0000003433500000] [id=64516]
  0x000001cce38727f0 WorkerThread "GC Thread#4" [stack: 0x0000003433500000,0x0000003433600000] [id=39700]
  0x000001cce3870ea0 WorkerThread "GC Thread#5" [stack: 0x0000003433600000,0x0000003433700000] [id=63704]
  0x000001cce3871710 WorkerThread "GC Thread#6" [stack: 0x0000003433700000,0x0000003433800000] [id=64540]
  0x000001cce3871440 WorkerThread "GC Thread#7" [stack: 0x0000003433800000,0x0000003433900000] [id=64656]
  0x000001cce3872520 WorkerThread "GC Thread#8" [stack: 0x0000003433b00000,0x0000003433c00000] [id=64636]
  0x000001cce38719e0 WorkerThread "GC Thread#9" [stack: 0x0000003433c00000,0x0000003433d00000] [id=64460]
  0x000001ccb909b4d0 ConcurrentGCThread "G1 Main Marker" [stack: 0x0000003431e00000,0x0000003431f00000] [id=50192]
  0x000001ccb909c6a0 WorkerThread "G1 Conc#0" [stack: 0x0000003431f00000,0x0000003432000000] [id=60292]
  0x000001cce46ed170 WorkerThread "G1 Conc#1" [stack: 0x0000003433900000,0x0000003433a00000] [id=64684]
  0x000001cce46ed440 WorkerThread "G1 Conc#2" [stack: 0x0000003433d00000,0x0000003433e00000] [id=64444]
  0x000001ccdde49430 ConcurrentGCThread "G1 Refine#0" [stack: 0x0000003432000000,0x0000003432100000] [id=62396]
  0x000001ccb90ddb80 ConcurrentGCThread "G1 Service" [stack: 0x0000003432100000,0x0000003432200000] [id=63144]

Threads with active compile tasks:
C2 CompilerThread0    19663 4890   !   4       java.lang.String::<init> (884 bytes)

VM state: at safepoint (normal execution)

VM Mutex/Monitor currently owned by a thread:  ([mutex/lock_event])
[0x000001ccb90166a0] Threads_lock - owner thread: 0x000001ccddf8ffa0
[0x000001ccb90156e0] Heap_lock - owner thread: 0x000001cce7a87800

Heap address: 0x0000000701a00000, size: 4070 MB, Compressed Oops mode: Zero based, Oop shift amount: 3

CDS archive(s) mapped at: [0x0000000800000000-0x0000000800c40000-0x0000000800c40000), size 12845056, SharedBaseAddress: 0x0000000800000000, ArchiveRelocationMode: 0.
Compressed class space mapped at: 0x0000000801000000-0x0000000841000000, reserved size: 1073741824
Narrow klass base: 0x0000000800000000, Narrow klass shift: 0, Narrow klass range: 0x100000000

GC Precious Log:
 CardTable entry size: 512
 Card Set container configuration: InlinePtr #cards 4 size 8 Array Of Cards #cards 16 size 48 Howl #buckets 8 coarsen threshold 3686 Howl Bitmap #cards 512 size 80 coarsen threshold 460 Card regions per heap region 1 cards per card region 4096
 CPUs: 12 total, 12 available
 Memory: 16273M
 Large Page Support: Disabled
 NUMA Support: Disabled
 Compressed Oops: Enabled (Zero based)
 Heap Region Size: 2M
 Heap Min Capacity: 8M
 Heap Initial Capacity: 256M
 Heap Max Capacity: 4070M
 Pre-touch: Disabled
 Parallel Workers: 10
 Concurrent Workers: 3
 Concurrent Refinement Workers: 10
 Periodic GC: Disabled

Heap:
 garbage-first heap   total 55296K, used 17122K [0x0000000701a00000, 0x0000000800000000)
  region size 2048K, 1 young (2048K), 1 survivors (2048K)
 Metaspace       used 38147K, committed 38592K, reserved 1114112K
  class space    used 4522K, committed 4736K, reserved 1048576K

Heap Regions: E=young(eden), S=young(survivor), O=old, HS=humongous(starts), HC=humongous(continues), CS=collection set, F=free, OA=open archive, CA=closed archive, TAMS=top-at-mark-start (previous, next)
|   0|0x0000000701a00000, 0x0000000701c00000, 0x0000000701c00000|100%| O|  |TAMS 0x0000000701c00000, 0x0000000701a00000| Untracked 
|   1|0x0000000701c00000, 0x0000000701e00000, 0x0000000701e00000|100%| O|  |TAMS 0x0000000701e00000, 0x0000000701c00000| Untracked 
|   2|0x0000000701e00000, 0x0000000702000000, 0x0000000702000000|100%| O|  |TAMS 0x0000000701e00000, 0x0000000701e00000| Untracked 
|   3|0x0000000702000000, 0x0000000702200000, 0x0000000702200000|100%| O|  |TAMS 0x0000000702200000, 0x0000000702000000| Untracked 
|   4|0x0000000702200000, 0x0000000702400000, 0x0000000702400000|100%| O|  |TAMS 0x0000000702400000, 0x0000000702200000| Untracked 
|   5|0x0000000702400000, 0x0000000702600000, 0x0000000702600000|100%| O|  |TAMS 0x0000000702600000, 0x0000000702400000| Untracked 
|   6|0x0000000702600000, 0x0000000702800000, 0x0000000702800000|100%| O|  |TAMS 0x0000000702800000, 0x0000000702600000| Untracked 
|   7|0x0000000702800000, 0x0000000702800000, 0x0000000702a00000|  0%| F|  |TAMS 0x0000000702800000, 0x0000000702800000| Untracked 
|   8|0x0000000702a00000, 0x0000000702bcc200, 0x0000000702c00000| 89%| O|  |TAMS 0x0000000702a00000, 0x0000000702a00000| Untracked 
|   9|0x0000000702c00000, 0x0000000702c00000, 0x0000000702e00000|  0%| F|  |TAMS 0x0000000702c00000, 0x0000000702c00000| Untracked 
|  10|0x0000000702e00000, 0x0000000702e00000, 0x0000000703000000|  0%| F|  |TAMS 0x0000000702e00000, 0x0000000702e00000| Untracked 
|  11|0x0000000703000000, 0x0000000703000000, 0x0000000703200000|  0%| F|  |TAMS 0x0000000703000000, 0x0000000703000000| Untracked 
|  12|0x0000000703200000, 0x0000000703200000, 0x0000000703400000|  0%| F|  |TAMS 0x0000000703200000, 0x0000000703200000| Untracked 
|  13|0x0000000703400000, 0x0000000703400000, 0x0000000703600000|  0%| F|  |TAMS 0x0000000703400000, 0x0000000703400000| Untracked 
|  14|0x0000000703600000, 0x00000007036ec778, 0x0000000703800000| 46%| S|CS|TAMS 0x0000000703600000, 0x0000000703600000| Complete 
|  15|0x0000000703800000, 0x0000000703800000, 0x0000000703a00000|  0%| F|  |TAMS 0x0000000703800000, 0x0000000703800000| Untracked 
|  16|0x0000000703a00000, 0x0000000703a00000, 0x0000000703c00000|  0%| F|  |TAMS 0x0000000703a00000, 0x0000000703a00000| Untracked 
|  17|0x0000000703c00000, 0x0000000703c00000, 0x0000000703e00000|  0%| F|  |TAMS 0x0000000703c00000, 0x0000000703c00000| Untracked 
|  18|0x0000000703e00000, 0x0000000703e00000, 0x0000000704000000|  0%| F|  |TAMS 0x0000000703e00000, 0x0000000703e00000| Untracked 
|  19|0x0000000704000000, 0x0000000704000000, 0x0000000704200000|  0%| F|  |TAMS 0x0000000704000000, 0x0000000704000000| Untracked 
|  20|0x0000000704200000, 0x0000000704200000, 0x0000000704400000|  0%| F|  |TAMS 0x0000000704200000, 0x0000000704200000| Untracked 
|  21|0x0000000704400000, 0x0000000704400000, 0x0000000704600000|  0%| F|  |TAMS 0x0000000704400000, 0x0000000704400000| Untracked 
|  98|0x000000070de00000, 0x000000070de00000, 0x000000070e000000|  0%| F|  |TAMS 0x000000070de00000, 0x000000070de00000| Untracked 
|  99|0x000000070e000000, 0x000000070e000000, 0x000000070e200000|  0%| F|  |TAMS 0x000000070e000000, 0x000000070e000000| Untracked 
| 100|0x000000070e200000, 0x000000070e200000, 0x000000070e400000|  0%| F|  |TAMS 0x000000070e200000, 0x000000070e200000| Untracked 
| 126|0x0000000711600000, 0x0000000711600000, 0x0000000711800000|  0%| F|  |TAMS 0x0000000711600000, 0x0000000711600000| Untracked 
| 127|0x0000000711800000, 0x0000000711800000, 0x0000000711a00000|  0%| F|  |TAMS 0x0000000711800000, 0x0000000711800000| Untracked 

Card table byte_map: [0x000001ccd2be0000,0x000001ccd33e0000] _byte_map_base: 0x000001cccf3d3000

Marking Bits (Prev, Next): (CMBitMap*) 0x000001ccb908abb0, (CMBitMap*) 0x000001ccb908abf0
 Prev Bits: [0x000001ccd3be0000, 0x000001ccd7b78000)
 Next Bits: [0x000001ccd7b80000, 0x000001ccdbb18000)

Polling page: 0x000001ccb90e0000

Metaspace:

Usage:
  Non-class:     32.84 MB used.
      Class:      4.42 MB used.
       Both:     37.25 MB used.

Virtual space:
  Non-class space:       64.00 MB reserved,      33.06 MB ( 52%) committed,  1 nodes.
      Class space:        1.00 GB reserved,       4.62 MB ( <1%) committed,  1 nodes.
             Both:        1.06 GB reserved,      37.69 MB (  3%) committed. 

Chunk freelists:
   Non-Class:  2.95 MB
       Class:  3.40 MB
        Both:  6.35 MB

MaxMetaspaceSize: unlimited
CompressedClassSpaceSize: 1.00 GB
Initial GC threshold: 21.00 MB
Current GC threshold: 58.88 MB
CDS: on
MetaspaceReclaimPolicy: balanced
 - commit_granule_bytes: 65536.
 - commit_granule_words: 8192.
 - virtual_space_node_default_size: 8388608.
 - enlarge_chunks_in_place: 1.
 - new_chunks_are_fully_committed: 0.
 - uncommit_free_chunks: 1.
 - use_allocation_guard: 0.


Internal statistics:

num_allocs_failed_limit: 6.
num_arena_births: 494.
num_arena_deaths: 0.
num_vsnodes_births: 2.
num_vsnodes_deaths: 0.
num_space_committed: 603.
num_space_uncommitted: 0.
num_chunks_returned_to_freelist: 6.
num_chunks_taken_from_freelist: 1775.
num_chunk_merges: 6.
num_chunk_splits: 1216.
num_chunks_enlarged: 944.
num_inconsistent_stats: 0.

CodeHeap 'non-profiled nmethods': size=120000Kb used=2378Kb max_used=2810Kb free=117621Kb
 bounds [0x000001ccca220000, 0x000001ccca4e0000, 0x000001ccd1750000]
CodeHeap 'profiled nmethods': size=120000Kb used=8085Kb max_used=10226Kb free=111914Kb
 bounds [0x000001ccc2750000, 0x000001ccc3150000, 0x000001ccc9c80000]
CodeHeap 'non-nmethods': size=5760Kb used=1352Kb max_used=1392Kb free=4407Kb
 bounds [0x000001ccc9c80000, 0x000001ccc9ef0000, 0x000001ccca220000]
 total_blobs=4666 nmethods=4086 adapters=490
 compilation: enabled
              stopped_count=0, restarted_count=0
 full_count=0

Compilation events (20 events):
Event: 19.197 Thread 0x000001cce3c3cbd0 4868   !   4       sun.nio.cs.DoubleByte$Decoder::decodeArrayLoop (368 bytes)
Event: 19.199 Thread 0x000001cce3c3cbd0 nmethod 4868 0x000001ccca391190 code [0x000001ccca391340, 0x000001ccca3919f8]
Event: 19.199 Thread 0x000001cce3c3cbd0 4866   !   4       ch.qos.logback.core.OutputStreamAppender::writeBytes (60 bytes)
Event: 19.217 Thread 0x000001cce3c3cbd0 nmethod 4866 0x000001ccca2dc090 code [0x000001ccca2dc420, 0x000001ccca2de350]
Event: 19.219 Thread 0x000001ccddfc1770 nmethod 4865 0x000001ccca444d10 code [0x000001ccca445300, 0x000001ccca44ba08]
Event: 19.572 Thread 0x000001ccddfc1770 4883   !   4       org.apache.tomcat.util.http.parser.HttpParser::isToken (9 bytes)
Event: 19.572 Thread 0x000001ccddfc1770 nmethod 4883 0x000001ccca33f310 code [0x000001ccca33f4a0, 0x000001ccca33f518]
Event: 19.572 Thread 0x000001ccddfc01e0 4884       1       java.util.concurrent.locks.ReentrantReadWriteLock::readLock (5 bytes)
Event: 19.572 Thread 0x000001ccddfc01e0 nmethod 4884 0x000001ccca33ee10 code [0x000001ccca33efa0, 0x000001ccca33f078]
Event: 19.573 Thread 0x000001ccddfc01e0 4885       3       java.util.GregorianCalendar::getWeekNumber (89 bytes)
Event: 19.573 Thread 0x000001ccddfc01e0 nmethod 4885 0x000001ccc27aaa90 code [0x000001ccc27aac60, 0x000001ccc27ab0e8]
Event: 19.608 Thread 0x000001ccddfc01e0 4886       3       org.mariadb.jdbc.client.impl.StandardReadableByteBuf::skipIdentifier (50 bytes)
Event: 19.608 Thread 0x000001ccddfc01e0 nmethod 4886 0x000001ccc2abe290 code [0x000001ccc2abe440, 0x000001ccc2abe628]
Event: 19.644 Thread 0x000001ccddfc01e0 4888       2       java.lang.System$2::currentCarrierThread (4 bytes)
Event: 19.644 Thread 0x000001ccddfc1770 4887       4       jdk.internal.misc.Blocker::currentCarrierThread (9 bytes)
Event: 19.644 Thread 0x000001ccddfc01e0 nmethod 4888 0x000001ccc28ea390 code [0x000001ccc28ea520, 0x000001ccc28ea638]
Event: 19.645 Thread 0x000001ccddfc1770 nmethod 4887 0x000001ccca25a410 code [0x000001ccca25a580, 0x000001ccca25a5d8]
Event: 19.646 Thread 0x000001ccddfc1770 4889       4       ch.qos.logback.classic.Level::toInteger (147 bytes)
Event: 19.647 Thread 0x000001ccddfc1770 nmethod 4889 0x000001ccca25a110 code [0x000001ccca25a2a0, 0x000001ccca25a338]
Event: 19.647 Thread 0x000001ccddfc1770 4890   !   4       java.lang.String::<init> (884 bytes)

GC Heap History (19 events):
Event: 0.367 GC heap before
{Heap before GC invocations=0 (full 0):
 garbage-first heap   total 262144K, used 22528K [0x0000000701a00000, 0x0000000800000000)
  region size 2048K, 11 young (22528K), 0 survivors (0K)
 Metaspace       used 6128K, committed 6272K, reserved 1114112K
  class space    used 671K, committed 768K, reserved 1048576K
}
Event: 0.369 GC heap after
{Heap after GC invocations=1 (full 0):
 garbage-first heap   total 262144K, used 5022K [0x0000000701a00000, 0x0000000800000000)
  region size 2048K, 2 young (4096K), 2 survivors (4096K)
 Metaspace       used 6128K, committed 6272K, reserved 1114112K
  class space    used 671K, committed 768K, reserved 1048576K
}
Event: 0.591 GC heap before
{Heap before GC invocations=1 (full 0):
 garbage-first heap   total 262144K, used 31646K [0x0000000701a00000, 0x0000000800000000)
  region size 2048K, 15 young (30720K), 2 survivors (4096K)
 Metaspace       used 12800K, committed 13056K, reserved 1114112K
  class space    used 1494K, committed 1600K, reserved 1048576K
}
Event: 0.593 GC heap after
{Heap after GC invocations=2 (full 0):
 garbage-first heap   total 262144K, used 6710K [0x0000000701a00000, 0x0000000800000000)
  region size 2048K, 1 young (2048K), 1 survivors (2048K)
 Metaspace       used 12800K, committed 13056K, reserved 1114112K
  class space    used 1494K, committed 1600K, reserved 1048576K
}
Event: 1.201 GC heap before
{Heap before GC invocations=2 (full 0):
 garbage-first heap   total 262144K, used 57910K [0x0000000701a00000, 0x0000000800000000)
  region size 2048K, 27 young (55296K), 1 survivors (2048K)
 Metaspace       used 21193K, committed 21504K, reserved 1114112K
  class space    used 2547K, committed 2688K, reserved 1048576K
}
Event: 1.204 GC heap after
{Heap after GC invocations=3 (full 0):
 garbage-first heap   total 262144K, used 10226K [0x0000000701a00000, 0x0000000800000000)
  region size 2048K, 3 young (6144K), 3 survivors (6144K)
 Metaspace       used 21193K, committed 21504K, reserved 1114112K
  class space    used 2547K, committed 2688K, reserved 1048576K
}
Event: 1.586 GC heap before
{Heap before GC invocations=4 (full 0):
 garbage-first heap   total 55296K, used 36850K [0x0000000701a00000, 0x0000000800000000)
  region size 2048K, 16 young (32768K), 3 survivors (6144K)
 Metaspace       used 26391K, committed 26752K, reserved 1114112K
  class space    used 3191K, committed 3328K, reserved 1048576K
}
Event: 1.589 GC heap after
{Heap after GC invocations=5 (full 0):
 garbage-first heap   total 55296K, used 13063K [0x0000000701a00000, 0x0000000800000000)
  region size 2048K, 2 young (4096K), 2 survivors (4096K)
 Metaspace       used 26391K, committed 26752K, reserved 1114112K
  class space    used 3191K, committed 3328K, reserved 1048576K
}
Event: 1.597 GC heap before
{Heap before GC invocations=5 (full 0):
 garbage-first heap   total 55296K, used 15111K [0x0000000701a00000, 0x0000000800000000)
  region size 2048K, 3 young (6144K), 2 survivors (4096K)
 Metaspace       used 26450K, committed 26752K, reserved 1114112K
  class space    used 3195K, committed 3328K, reserved 1048576K
}
Event: 1.599 GC heap after
{Heap after GC invocations=6 (full 0):
 garbage-first heap   total 55296K, used 13584K [0x0000000701a00000, 0x0000000800000000)
  region size 2048K, 1 young (2048K), 1 survivors (2048K)
 Metaspace       used 26450K, committed 26752K, reserved 1114112K
  class space    used 3195K, committed 3328K, reserved 1048576K
}
Event: 1.880 GC heap before
{Heap before GC invocations=6 (full 0):
 garbage-first heap   total 55296K, used 36112K [0x0000000701a00000, 0x0000000800000000)
  region size 2048K, 12 young (24576K), 1 survivors (2048K)
 Metaspace       used 32085K, committed 32448K, reserved 1114112K
  class space    used 3899K, committed 4032K, reserved 1048576K
}
Event: 1.882 GC heap after
{Heap after GC invocations=7 (full 0):
 garbage-first heap   total 55296K, used 15186K [0x0000000701a00000, 0x0000000800000000)
  region size 2048K, 2 young (4096K), 2 survivors (4096K)
 Metaspace       used 32085K, committed 32448K, reserved 1114112K
  class space    used 3899K, committed 4032K, reserved 1048576K
}
Event: 6.248 GC heap before
{Heap before GC invocations=7 (full 0):
 garbage-first heap   total 55296K, used 31570K [0x0000000701a00000, 0x0000000800000000)
  region size 2048K, 11 young (22528K), 2 survivors (4096K)
 Metaspace       used 35527K, committed 35968K, reserved 1114112K
  class space    used 4288K, committed 4480K, reserved 1048576K
}
Event: 6.250 GC heap after
{Heap after GC invocations=8 (full 0):
 garbage-first heap   total 55296K, used 16761K [0x0000000701a00000, 0x0000000800000000)
  region size 2048K, 1 young (2048K), 1 survivors (2048K)
 Metaspace       used 35527K, committed 35968K, reserved 1114112K
  class space    used 4288K, committed 4480K, reserved 1048576K
}
Event: 16.337 GC heap before
{Heap before GC invocations=9 (full 0):
 garbage-first heap   total 55296K, used 39289K [0x0000000701a00000, 0x0000000800000000)
  region size 2048K, 12 young (24576K), 1 survivors (2048K)
 Metaspace       used 38021K, committed 38464K, reserved 1114112K
  class space    used 4522K, committed 4736K, reserved 1048576K
}
Event: 16.338 GC heap after
{Heap after GC invocations=10 (full 0):
 garbage-first heap   total 55296K, used 17501K [0x0000000701a00000, 0x0000000800000000)
  region size 2048K, 2 young (4096K), 2 survivors (4096K)
 Metaspace       used 38021K, committed 38464K, reserved 1114112K
  class space    used 4522K, committed 4736K, reserved 1048576K
}
Event: 16.342 GC heap before
{Heap before GC invocations=10 (full 0):
 garbage-first heap   total 55296K, used 19549K [0x0000000701a00000, 0x0000000800000000)
  region size 2048K, 3 young (6144K), 2 survivors (4096K)
 Metaspace       used 38031K, committed 38464K, reserved 1114112K
  class space    used 4522K, committed 4736K, reserved 1048576K
}
Event: 16.343 GC heap after
{Heap after GC invocations=11 (full 0):
 garbage-first heap   total 55296K, used 17134K [0x0000000701a00000, 0x0000000800000000)
  region size 2048K, 1 young (2048K), 1 survivors (2048K)
 Metaspace       used 38031K, committed 38464K, reserved 1114112K
  class space    used 4522K, committed 4736K, reserved 1048576K
}
Event: 19.648 GC heap before
{Heap before GC invocations=11 (full 0):
 garbage-first heap   total 55296K, used 37614K [0x0000000701a00000, 0x0000000800000000)
  region size 2048K, 12 young (24576K), 1 survivors (2048K)
 Metaspace       used 38147K, committed 38592K, reserved 1114112K
  class space    used 4522K, committed 4736K, reserved 1048576K
}

Dll operation events (11 events):
Event: 0.003 Loaded shared library C:\Program Files\Java\jdk-19\bin\java.dll
Event: 0.009 Loaded shared library C:\Program Files\Java\jdk-19\bin\jsvml.dll
Event: 0.049 Loaded shared library C:\Program Files\Java\jdk-19\bin\net.dll
Event: 0.050 Loaded shared library C:\Program Files\Java\jdk-19\bin\nio.dll
Event: 0.052 Loaded shared library C:\Program Files\Java\jdk-19\bin\zip.dll
Event: 0.094 Loaded shared library C:\Program Files\Java\jdk-19\bin\verify.dll
Event: 0.097 Loaded shared library C:\Program Files\Java\jdk-19\bin\jimage.dll
Event: 0.257 Loaded shared library C:\Program Files\Java\jdk-19\bin\management.dll
Event: 0.258 Loaded shared library C:\Program Files\Java\jdk-19\bin\management_ext.dll
Event: 1.416 Loaded shared library C:\Program Files\Java\jdk-19\bin\sunmscapi.dll
Event: 1.951 Loaded shared library C:\Program Files\Java\jdk-19\bin\extnet.dll

Deoptimization events (20 events):
Event: 6.631 Thread 0x000001cce4fa9f10 Uncommon trap: trap_request=0xffffffde fr.pc=0x000001ccca443578 relative=0x0000000000003e98
Event: 6.631 Thread 0x000001cce4fa9f10 Uncommon trap: reason=class_check action=maybe_recompile pc=0x000001ccca443578 method=org.springframework.core.annotation.AnnotationsScanner.processMethodHierarchy(Ljava/lang/Object;[ILjava/lang/Class;Lorg/springframework/core/annotation/AnnotationsProces
Event: 6.631 Thread 0x000001cce4fa9f10 DEOPT PACKING pc=0x000001ccca443578 sp=0x00000034342fd690
Event: 6.631 Thread 0x000001cce4fa9f10 DEOPT UNPACKING pc=0x000001ccc9ce6da3 sp=0x00000034342fd6a8 mode 2
Event: 6.954 Thread 0x000001cce7a82da0 DEOPT PACKING pc=0x000001ccc2adfb34 sp=0x0000003433afe550
Event: 6.954 Thread 0x000001cce7a82da0 DEOPT UNPACKING pc=0x000001ccc9ce7543 sp=0x0000003433afd9c0 mode 0
Event: 11.651 Thread 0x000001cce4fab450 DEOPT PACKING pc=0x000001ccc3094484 sp=0x00000034345fb9a0
Event: 11.651 Thread 0x000001cce4fab450 DEOPT UNPACKING pc=0x000001ccc9ce7543 sp=0x00000034345fae50 mode 0
Event: 11.655 Thread 0x000001cce4fab450 DEOPT PACKING pc=0x000001ccc3094484 sp=0x00000034345fb9a0
Event: 11.655 Thread 0x000001cce4fab450 DEOPT UNPACKING pc=0x000001ccc9ce7543 sp=0x00000034345fae50 mode 0
Event: 16.313 Thread 0x000001cce7a86d60 Uncommon trap: trap_request=0xffffffde fr.pc=0x000001ccca2f6090 relative=0x0000000000000810
Event: 16.313 Thread 0x000001cce7a86d60 Uncommon trap: reason=class_check action=maybe_recompile pc=0x000001ccca2f6090 method=java.util.HashMap.putVal(ILjava/lang/Object;Ljava/lang/Object;ZZ)Ljava/lang/Object; @ 203 c2
Event: 16.314 Thread 0x000001cce7a86d60 DEOPT PACKING pc=0x000001ccca2f6090 sp=0x0000003434dff2f0
Event: 16.314 Thread 0x000001cce7a86d60 DEOPT UNPACKING pc=0x000001ccc9ce6da3 sp=0x0000003434dff2b0 mode 2
Event: 16.339 Thread 0x000001cce4facee0 Uncommon trap: trap_request=0xffffff45 fr.pc=0x000001ccca25a370 relative=0x0000000000000630
Event: 16.339 Thread 0x000001cce4facee0 Uncommon trap: reason=unstable_if action=reinterpret pc=0x000001ccca25a370 method=java.lang.AbstractStringBuilder.append(Ljava/lang/String;)Ljava/lang/AbstractStringBuilder; @ 1 c2
Event: 16.339 Thread 0x000001cce4facee0 DEOPT PACKING pc=0x000001ccca25a370 sp=0x00000034347fc5a0
Event: 16.339 Thread 0x000001cce4facee0 DEOPT UNPACKING pc=0x000001ccc9ce6da3 sp=0x00000034347fc578 mode 2
Event: 17.185 Thread 0x000001cce4fa99c0 DEOPT PACKING pc=0x000001ccc2e7c045 sp=0x00000034341ff250
Event: 17.185 Thread 0x000001cce4fa99c0 DEOPT UNPACKING pc=0x000001ccc9ce7543 sp=0x00000034341fe718 mode 0

Classes loaded (20 events):
Event: 6.625 Loading class java/time/format/DateTimeFormatterBuilder$ZoneTextPrinterParser
Event: 6.625 Loading class java/time/format/DateTimeFormatterBuilder$ZoneTextPrinterParser done
Event: 6.626 Loading class java/time/format/DateTimeFormatterBuilder$ReducedPrinterParser
Event: 6.626 Loading class java/time/format/DateTimeFormatterBuilder$ReducedPrinterParser done
Event: 6.628 Loading class java/util/OptionalLong
Event: 6.628 Loading class java/util/OptionalLong done
Event: 6.628 Loading class java/util/OptionalDouble
Event: 6.628 Loading class java/util/OptionalDouble done
Event: 6.636 Loading class java/util/concurrent/atomic/AtomicReferenceArray
Event: 6.641 Loading class java/util/concurrent/atomic/AtomicReferenceArray done
Event: 6.641 Loading class java/lang/invoke/VarHandleReferences$Array
Event: 6.641 Loading class java/lang/invoke/VarHandleReferences$Array done
Event: 6.662 Loading class java/nio/StringCharBuffer
Event: 6.662 Loading class java/nio/StringCharBuffer done
Event: 6.663 Loading class sun/nio/cs/ISO_8859_1$Encoder
Event: 6.663 Loading class sun/nio/cs/ISO_8859_1$Encoder done
Event: 6.663 Loading class sun/nio/cs/Surrogate$Parser
Event: 6.663 Loading class sun/nio/cs/Surrogate$Parser done
Event: 6.663 Loading class sun/nio/cs/Surrogate
Event: 6.663 Loading class sun/nio/cs/Surrogate done

Classes unloaded (0 events):
No events

Classes redefined (0 events):
No events

Internal exceptions (20 events):
Event: 1.760 Thread 0x000001cce3404020 Exception <a 'java/lang/ClassNotFoundException'{0x0000000704335d50}: org/springframework/beans/factory/AwareCustomizer> (0x0000000704335d50) 
thrown [s\open\src\hotspot\share\classfile\systemDictionary.cpp, line 255]
Event: 1.760 Thread 0x000001cce3404020 Exception <a 'java/lang/ClassNotFoundException'{0x0000000704339e70}: org/springframework/web/context/ServletContextAwareCustomizer> (0x0000000704339e70) 
thrown [s\open\src\hotspot\share\classfile\systemDictionary.cpp, line 255]
Event: 1.761 Thread 0x000001cce3404020 Exception <a 'java/lang/ClassNotFoundException'{0x000000070433ec90}: org/springframework/beans/factory/AwareCustomizer> (0x000000070433ec90) 
thrown [s\open\src\hotspot\share\classfile\systemDictionary.cpp, line 255]
Event: 1.762 Thread 0x000001cce3404020 Exception <a 'java/lang/NoSuchMethodError'{0x0000000704350fc0}: 'java.lang.Object java.lang.invoke.DirectMethodHandle$Holder.newInvokeSpecial(java.lang.Object, java.lang.Object, java.lang.Object, java.lang.Object, java.lang.Object, java.lang.Object, java.lang.Object, java.lang.Object)'> (0x0000000704350fc0) 
thrown [s\open\src\hotspot\share\interpreter\linkResolver.cpp, line 774]
Event: 1.816 Thread 0x000001cce3404020 Exception <a 'java/lang/NoSuchMethodError'{0x0000000703cddc00}: 'void java.lang.invoke.DirectMethodHandle$Holder.invokeVirtual(java.lang.Object, java.lang.Object, long)'> (0x0000000703cddc00) 
thrown [s\open\src\hotspot\share\interpreter\linkResolver.cpp, line 774]
Event: 1.880 Thread 0x000001cce3404020 Exception <a 'java/lang/IncompatibleClassChangeError'{0x00000007039f7908}: Found class java.lang.Object, but interface was expected> (0x00000007039f7908) 
thrown [s\open\src\hotspot\share\interpreter\linkResolver.cpp, line 841]
Event: 1.901 Thread 0x000001cce3404020 Exception <a 'java/lang/NoSuchMethodError'{0x00000007119858e0}: 'int java.lang.invoke.DirectMethodHandle$Holder.invokeStaticInit(java.lang.Object, java.lang.Object, java.lang.Object, java.lang.Object)'> (0x00000007119858e0) 
thrown [s\open\src\hotspot\share\interpreter\linkResolver.cpp, line 774]
Event: 1.958 Thread 0x000001cce3404020 Exception <a 'java/lang/NoSuchMethodError'{0x000000070e130698}: 'java.lang.Object java.lang.invoke.DirectMethodHandle$Holder.newInvokeSpecial(java.lang.Object, java.lang.Object, int, java.lang.Object, java.lang.Object)'> (0x000000070e130698) 
thrown [s\open\src\hotspot\share\interpreter\linkResolver.cpp, line 774]
Event: 1.959 Thread 0x000001cce3404020 Exception <a 'java/lang/NoSuchMethodError'{0x000000070e13bf00}: 'java.lang.Object java.lang.invoke.DirectMethodHandle$Holder.invokeSpecial(java.lang.Object, java.lang.Object, int, java.lang.Object, int, java.lang.Object)'> (0x000000070e13bf00) 
thrown [s\open\src\hotspot\share\interpreter\linkResolver.cpp, line 774]
Event: 1.959 Thread 0x000001cce3404020 Exception <a 'java/lang/NoSuchMethodError'{0x000000070e143cd8}: 'java.lang.Object java.lang.invoke.DirectMethodHandle$Holder.newInvokeSpecial(java.lang.Object, java.lang.Object, int, java.lang.Object, int)'> (0x000000070e143cd8) 
thrown [s\open\src\hotspot\share\interpreter\linkResolver.cpp, line 774]
Event: 1.959 Thread 0x000001cce3404020 Exception <a 'java/lang/NoSuchMethodError'{0x000000070e147df0}: 'java.lang.Object java.lang.invoke.DirectMethodHandle$Holder.invokeSpecial(java.lang.Object, java.lang.Object, java.lang.Object, int, java.lang.Object, int)'> (0x000000070e147df0) 
thrown [s\open\src\hotspot\share\interpreter\linkResolver.cpp, line 774]
Event: 1.960 Thread 0x000001cce3404020 Exception <a 'java/lang/NoSuchMethodError'{0x000000070e151af0}: 'void java.lang.invoke.DirectMethodHandle$Holder.invokeVirtual(java.lang.Object, java.lang.Object)'> (0x000000070e151af0) 
thrown [s\open\src\hotspot\share\interpreter\linkResolver.cpp, line 774]
Event: 1.990 Thread 0x000001ccb9019020 Exception <a 'java/lang/NoSuchMethodError'{0x000000070dfd9410}: 'int java.lang.invoke.DirectMethodHandle$Holder.invokeSpecialIFC(java.lang.Object, java.lang.Object, java.lang.Object)'> (0x000000070dfd9410) 
thrown [s\open\src\hotspot\share\interpreter\linkResolver.cpp, line 774]
Event: 6.217 Thread 0x000001cce4fa9f10 Exception <a 'java/lang/NoSuchMethodError'{0x00000007043f21f8}: 'java.lang.Object java.lang.invoke.DirectMethodHandle$Holder.invokeInterface(java.lang.Object, java.lang.Object, java.lang.Object, java.lang.Object)'> (0x00000007043f21f8) 
thrown [s\open\src\hotspot\share\interpreter\linkResolver.cpp, line 774]
Event: 6.226 Thread 0x000001cce4fa9f10 Implicit null exception at 0x000001ccca3bb600 to 0x000001ccca3bbcbc
Event: 6.233 Thread 0x000001cce4fa9f10 Exception <a 'java/lang/NoSuchMethodError'{0x0000000704128b28}: 'int java.lang.invoke.Invokers$Holder.invokeExact_MT(java.lang.Object, java.lang.Object, java.lang.Object)'> (0x0000000704128b28) 
thrown [s\open\src\hotspot\share\interpreter\linkResolver.cpp, line 774]
Event: 6.255 Thread 0x000001cce4fa9f10 Exception <a 'java/lang/NoClassDefFoundError'{0x0000000711842320}: com/sun/jna/Platform> (0x0000000711842320) 
thrown [s\open\src\hotspot\share\classfile\systemDictionary.cpp, line 244]
Event: 6.497 Thread 0x000001cce4fa9f10 Implicit null exception at 0x000001ccca451933 to 0x000001ccca451a68
Event: 6.618 Thread 0x000001cce4fa9f10 Exception <a 'java/lang/NoSuchMethodError'{0x000000070e17fa00}: 'java.lang.Object java.lang.invoke.DirectMethodHandle$Holder.invokeStaticInit(java.lang.Object, java.lang.Object, java.lang.Object, java.lang.Object)'> (0x000000070e17fa00) 
thrown [s\open\src\hotspot\share\interpreter\linkResolver.cpp, line 774]
Event: 16.339 Thread 0x000001cce4facee0 Implicit null exception at 0x000001ccca259d72 to 0x000001ccca25a358

VM Operations (20 events):
Event: 6.663 Executing VM operation: HandshakeAllThreads done
Event: 7.664 Executing VM operation: Cleanup
Event: 7.664 Executing VM operation: Cleanup done
Event: 10.686 Executing VM operation: Cleanup
Event: 10.686 Executing VM operation: Cleanup done
Event: 11.698 Executing VM operation: Cleanup
Event: 11.698 Executing VM operation: Cleanup done
Event: 16.337 Executing VM operation: G1CollectForAllocation
Event: 16.338 Executing VM operation: G1CollectForAllocation done
Event: 16.342 Executing VM operation: G1CollectForAllocation
Event: 16.343 Executing VM operation: G1CollectForAllocation done
Event: 16.350 Executing VM operation: HandshakeAllThreads
Event: 16.350 Executing VM operation: HandshakeAllThreads done
Event: 17.062 Executing VM operation: HandshakeAllThreads
Event: 17.062 Executing VM operation: HandshakeAllThreads done
Event: 17.076 Executing VM operation: HandshakeAllThreads
Event: 17.076 Executing VM operation: HandshakeAllThreads done
Event: 18.085 Executing VM operation: Cleanup
Event: 18.085 Executing VM operation: Cleanup done
Event: 19.648 Executing VM operation: G1CollectForAllocation

Events (20 events):
Event: 17.080 Thread 0x000001cce2c21490 flushing nmethod 0x000001ccc3054b10
Event: 17.080 Thread 0x000001cce2c21490 flushing nmethod 0x000001ccc305f310
Event: 17.080 Thread 0x000001cce2c21490 flushing nmethod 0x000001ccc3083910
Event: 17.080 Thread 0x000001cce2c21490 flushing nmethod 0x000001ccc3086a90
Event: 17.080 Thread 0x000001cce2c21490 flushing nmethod 0x000001ccc3086e10
Event: 17.080 Thread 0x000001cce2c21490 flushing nmethod 0x000001ccc3087310
Event: 17.080 Thread 0x000001cce2c21490 flushing nmethod 0x000001ccc3087890
Event: 17.080 Thread 0x000001cce2c21490 flushing nmethod 0x000001ccc3093a10
Event: 17.080 Thread 0x000001cce2c21490 flushing nmethod 0x000001ccc30a7b90
Event: 17.080 Thread 0x000001cce2c21490 flushing nmethod 0x000001ccc30c7b10
Event: 17.081 Thread 0x000001cce3c3cbd0 Thread added: 0x000001cce3c3cbd0
Event: 17.081 Thread 0x000001cce3c3f850 Thread added: 0x000001cce3c3f850
Event: 17.792 Thread 0x000001cce3c3f850 Thread exited: 0x000001cce3c3f850
Event: 17.792 Thread 0x000001cce3c3cbd0 Thread exited: 0x000001cce3c3cbd0
Event: 18.018 Thread 0x000001cce3c3e7a0 Thread added: 0x000001cce3c3e7a0
Event: 18.511 Thread 0x000001cce3c3e7a0 Thread exited: 0x000001cce3c3e7a0
Event: 18.594 Thread 0x000001cce3c3ed30 Thread added: 0x000001cce3c3ed30
Event: 19.018 Thread 0x000001cce3c3ed30 Thread exited: 0x000001cce3c3ed30
Event: 19.103 Thread 0x000001cce3c3cbd0 Thread added: 0x000001cce3c3cbd0
Event: 19.572 Thread 0x000001cce3c3cbd0 Thread exited: 0x000001cce3c3cbd0


Dynamic libraries:
0x00007ff631730000 - 0x00007ff631740000 	C:\Program Files\Java\jdk-19\bin\java.exe
0x00007ffaee210000 - 0x00007ffaee408000 	C:\WINDOWS\SYSTEM32\ntdll.dll
0x00007ffaed940000 - 0x00007ffaed9ff000 	C:\WINDOWS\System32\KERNEL32.DLL
0x00007ffaebf70000 - 0x00007ffaec242000 	C:\WINDOWS\System32\KERNELBASE.dll
0x00007ffaeb900000 - 0x00007ffaeba00000 	C:\WINDOWS\System32\ucrtbase.dll
0x00007ffad87a0000 - 0x00007ffad87bb000 	C:\Program Files\Java\jdk-19\bin\VCRUNTIME140.dll
0x00007ffadede0000 - 0x00007ffadedf8000 	C:\Program Files\Java\jdk-19\bin\jli.dll
0x00007ffaedf90000 - 0x00007ffaee03e000 	C:\WINDOWS\System32\ADVAPI32.dll
0x00007ffaec300000 - 0x00007ffaec39e000 	C:\WINDOWS\System32\msvcrt.dll
0x00007ffaed830000 - 0x00007ffaed8cc000 	C:\WINDOWS\System32\sechost.dll
0x00007ffaedd60000 - 0x00007ffaede85000 	C:\WINDOWS\System32\RPCRT4.dll
0x00007ffaed680000 - 0x00007ffaed821000 	C:\WINDOWS\System32\USER32.dll
0x00007ffad0870000 - 0x00007ffad0b0a000 	C:\WINDOWS\WinSxS\amd64_microsoft.windows.common-controls_6595b64144ccf1df_6.0.19041.1110_none_60b5254171f9507e\COMCTL32.dll
0x00007ffaebcc0000 - 0x00007ffaebce2000 	C:\WINDOWS\System32\win32u.dll
0x00007ffaec3b0000 - 0x00007ffaec3db000 	C:\WINDOWS\System32\GDI32.dll
0x00007ffaebab0000 - 0x00007ffaebbbf000 	C:\WINDOWS\System32\gdi32full.dll
0x00007ffaebcf0000 - 0x00007ffaebd8d000 	C:\WINDOWS\System32\msvcp_win.dll
0x00007ffae4280000 - 0x00007ffae428a000 	C:\WINDOWS\SYSTEM32\VERSION.dll
0x00007ffaedf50000 - 0x00007ffaedf82000 	C:\WINDOWS\System32\IMM32.DLL
0x00007ffad86e0000 - 0x00007ffad86ec000 	C:\Program Files\Java\jdk-19\bin\vcruntime140_1.dll
0x00007ffa88c60000 - 0x00007ffa88cee000 	C:\Program Files\Java\jdk-19\bin\msvcp140.dll
0x00007ffa6f480000 - 0x00007ffa70140000 	C:\Program Files\Java\jdk-19\bin\server\jvm.dll
0x00007ffad3c80000 - 0x00007ffad3c89000 	C:\WINDOWS\SYSTEM32\WSOCK32.dll
0x00007ffae15b0000 - 0x00007ffae15d7000 	C:\WINDOWS\SYSTEM32\WINMM.dll
0x00007ffaee160000 - 0x00007ffaee1cb000 	C:\WINDOWS\System32\WS2_32.dll
0x00007ffae97a0000 - 0x00007ffae97b2000 	C:\WINDOWS\SYSTEM32\kernel.appcore.dll
0x00007ffad82c0000 - 0x00007ffad82ca000 	C:\Program Files\Java\jdk-19\bin\jimage.dll
0x00007ffade8e0000 - 0x00007ffadeac4000 	C:\WINDOWS\SYSTEM32\DBGHELP.DLL
0x00007ffadee50000 - 0x00007ffadee85000 	C:\WINDOWS\SYSTEM32\dbgcore.DLL
0x00007ffaebbc0000 - 0x00007ffaebc42000 	C:\WINDOWS\System32\bcryptPrimitives.dll
0x00007ffad8290000 - 0x00007ffad82b6000 	C:\Program Files\Java\jdk-19\bin\java.dll
0x00007ffa88b80000 - 0x00007ffa88c57000 	C:\Program Files\Java\jdk-19\bin\jsvml.dll
0x00007ffaece60000 - 0x00007ffaed5a4000 	C:\WINDOWS\System32\SHELL32.dll
0x00007ffae99a0000 - 0x00007ffaea132000 	C:\WINDOWS\SYSTEM32\windows.storage.dll
0x00007ffaeda00000 - 0x00007ffaedd55000 	C:\WINDOWS\System32\combase.dll
0x00007ffaeb280000 - 0x00007ffaeb2b0000 	C:\WINDOWS\SYSTEM32\Wldp.dll
0x00007ffaec4e0000 - 0x00007ffaec58d000 	C:\WINDOWS\System32\SHCORE.dll
0x00007ffaedef0000 - 0x00007ffaedf45000 	C:\WINDOWS\System32\shlwapi.dll
0x00007ffaeb840000 - 0x00007ffaeb85f000 	C:\WINDOWS\SYSTEM32\profapi.dll
0x00007ffad8220000 - 0x00007ffad8233000 	C:\Program Files\Java\jdk-19\bin\net.dll
0x00007ffae5510000 - 0x00007ffae561c000 	C:\WINDOWS\SYSTEM32\WINHTTP.dll
0x00007ffaeb060000 - 0x00007ffaeb0ca000 	C:\WINDOWS\system32\mswsock.dll
0x00007ffad81a0000 - 0x00007ffad81b6000 	C:\Program Files\Java\jdk-19\bin\nio.dll
0x00007ffad79c0000 - 0x00007ffad79d8000 	C:\Program Files\Java\jdk-19\bin\zip.dll
0x00007ffad7990000 - 0x00007ffad79a0000 	C:\Program Files\Java\jdk-19\bin\verify.dll
0x00007ffae67a0000 - 0x00007ffae67aa000 	C:\Program Files\Java\jdk-19\bin\management.dll
0x00007ffae6650000 - 0x00007ffae665b000 	C:\Program Files\Java\jdk-19\bin\management_ext.dll
0x00007ffaed930000 - 0x00007ffaed938000 	C:\WINDOWS\System32\PSAPI.DLL
0x00007ffae1670000 - 0x00007ffae1687000 	C:\WINDOWS\system32\napinsp.dll
0x00007ffae0a50000 - 0x00007ffae0a6b000 	C:\WINDOWS\system32\pnrpnsp.dll
0x00007ffae6900000 - 0x00007ffae6915000 	C:\WINDOWS\system32\wshbth.dll
0x00007ffae61f0000 - 0x00007ffae620d000 	C:\WINDOWS\system32\NLAapi.dll
0x00007ffaead20000 - 0x00007ffaead5b000 	C:\WINDOWS\SYSTEM32\IPHLPAPI.DLL
0x00007ffaead70000 - 0x00007ffaeae3a000 	C:\WINDOWS\SYSTEM32\DNSAPI.dll
0x00007ffaece50000 - 0x00007ffaece58000 	C:\WINDOWS\System32\NSI.dll
0x00007ffadef20000 - 0x00007ffadef32000 	C:\WINDOWS\System32\winrnr.dll
0x00007ffae5670000 - 0x00007ffae567a000 	C:\Windows\System32\rasadhlp.dll
0x00007ffae4680000 - 0x00007ffae4700000 	C:\WINDOWS\System32\fwpuclnt.dll
0x00007ffaebf40000 - 0x00007ffaebf67000 	C:\WINDOWS\System32\bcrypt.dll
0x00007ffaeb5c0000 - 0x00007ffaeb5d8000 	C:\WINDOWS\SYSTEM32\CRYPTSP.dll
0x00007ffaea930000 - 0x00007ffaea964000 	C:\WINDOWS\system32\rsaenh.dll
0x00007ffaeb800000 - 0x00007ffaeb82e000 	C:\WINDOWS\SYSTEM32\USERENV.dll
0x00007ffaeb1f0000 - 0x00007ffaeb1fc000 	C:\WINDOWS\SYSTEM32\CRYPTBASE.dll
0x00007ffae5a50000 - 0x00007ffae5a67000 	C:\WINDOWS\SYSTEM32\dhcpcsvc6.DLL
0x00007ffae60e0000 - 0x00007ffae60fd000 	C:\WINDOWS\SYSTEM32\dhcpcsvc.DLL
0x00007ffae6500000 - 0x00007ffae650e000 	C:\Program Files\Java\jdk-19\bin\sunmscapi.dll
0x00007ffaebd90000 - 0x00007ffaebee6000 	C:\WINDOWS\System32\CRYPT32.dll
0x00007ffaeb2f0000 - 0x00007ffaeb317000 	C:\WINDOWS\SYSTEM32\ncrypt.dll
0x00007ffaeb2b0000 - 0x00007ffaeb2eb000 	C:\WINDOWS\SYSTEM32\NTASN1.dll
0x00007ffad8150000 - 0x00007ffad8158000 	C:\Program Files\Java\jdk-19\bin\extnet.dll
0x00007ffae14e0000 - 0x00007ffae14e7000 	C:\WINDOWS\system32\wshunix.dll

dbghelp: loaded successfully - version: 4.0.5 - missing functions: none
symbol engine: initialized successfully - sym options: 0x614 - pdb path: .;C:\Program Files\Java\jdk-19\bin;C:\WINDOWS\SYSTEM32;C:\WINDOWS\WinSxS\amd64_microsoft.windows.common-controls_6595b64144ccf1df_6.0.19041.1110_none_60b5254171f9507e;C:\Program Files\Java\jdk-19\bin\server

VM Arguments:
jvm_args: -Dfile.encoding=x-windows-949 -Duser.country=KR -Duser.language=ko -Duser.variant 
java_command: com.jay.demo.DemoApplication
java_class_path (initial): C:\Users\jjay\Downloads\demo (2)\demo\build\classes\java\main;C:\Users\jjay\Downloads\demo (2)\demo\build\resources\main;C:\Users\jjay\.gradle\caches\modules-2\files-2.1\org.springframework.boot\spring-boot-devtools\2.7.6\1ab93f24fe923d1b27b78ca77997886bfcce2e46\spring-boot-devtools-2.7.6.jar;C:\Users\jjay\.gradle\caches\modules-2\files-2.1\org.springframework.boot\spring-boot-starter-web\2.7.6\9d0166a0390df593243bdc798ca7a1db20ddea9c\spring-boot-starter-web-2.7.6.jar;C:\Users\jjay\.gradle\caches\modules-2\files-2.1\org.projectlombok\lombok\1.18.24\13a394eed5c4f9efb2a6d956e2086f1d81e857d9\lombok-1.18.24.jar;C:\Users\jjay\.gradle\caches\modules-2\files-2.1\org.mybatis.spring.boot\mybatis-spring-boot-starter\2.2.2\e4aff8ef9e02358f90b361acc938be3558f29285\mybatis-spring-boot-starter-2.2.2.jar;C:\Users\jjay\.gradle\caches\modules-2\files-2.1\org.mariadb.jdbc\mariadb-java-client\3.0.4\fa28784fc03bbe87cb97394373760f6c707f3e9\mariadb-java-client-3.0.4.jar;C:\Users\jjay\.gradle\caches\modules-2\files-2.1\org.bgee.log4jdbc-log4j2\log4jdbc-log4j2-jdbc4.1\1.16\ce7cd831b2e3e5d428e659a6fdae0fb6b89f3cc7\log4jdbc-log4j2-jdbc4.1-1.16.jar;C:\Users\jjay\.gradle\caches\modules-2\files-2.1\org.springframework.boot\spring-boot-starter-json\2.7.6\77017e2aa78224c3fa10444d659c2ce8765b910\spring-boot-starter-json-2.7.6.jar;C:\Users\jjay\.gradle\caches\modules-2\files-2.1\org.springframework.boot\spring-boot-starter-jdbc\2.7.6\9db6def4ba06a11b67f0de3eac83441d00350dd6\spring-boot-starter-jdbc-2.7.6.jar;C:\Users\jjay\.gradle\caches\modules-2\files-2.1\org.springframework.boot\spring-boot-starter\2.7.6\d15341c0fc0b1d1362ce6c737b34679ad1f836c\spring-boot-starter-2.7.6.jar;C:\Users\jjay\.gradle\caches\modules-2\files-2.1\org.mybatis.spring.boot\mybatis-spring-boot-autoconfigure\2.2.2\44d8e5740eb89fcdd3d4f7ce60693b87a5cdbd32\mybatis-spring-boot-autoconfigure-2.2.2.jar;C:\Users\jjay\.gradle\caches\modules-2\files-2.1\org.springframework.boot\spring-boot-autoconfigure\2.7.6\4ad7e89accd25c69bfe84f52202deaf09430be2\spring-boot-autoconfigure-2.7.6.jar;C:\Users\jjay\.gradle\caches\modules-2\files-2.1\org.springframework.boot\spring-boot\2.7.6\f96f89eba708a591704db5dcbfc03e8822a503aa\spring-boot-2.7.6.jar;C:\Users\jjay\.gradle\caches\modules-2\files-2.1\org.springframework.boot\spring-boot-starter-tomcat\2.7.6\ec920cd7f951f3cff3a0b7af80bb8f7116a3d8a5\spring-boot-starter-tomcat-2.7.6.jar;C:\Users\jjay\.gradle\caches\modules-2\files-2.1\org.springframework\spring-webmvc\5.3.24\33d2187c2bf1cb2c222bd1cc18b618736babcf3d\spring-webmvc-5.3.24.jar;C:\Users\jjay\.gradle\caches\modules-2\files-2.1\org.springframework\spring-web\5.3.24\d89bbcaabb1ff247a089875cbc4211bfe96c9a59\spring-web-5.3.24.jar;C:\Users\jjay\.gradle\caches\modules-2\files-2.1\org.mybatis\mybatis\3.5.9\991a4095dbb95d929dfe0a18a69692fd4c614e\mybatis-3.5.9.jar;C:\Users\jjay\.gradle\caches\modules-2\files-2.1\org.mybatis\mybatis-spring\2.0.7\f10e399232df99280df56d39662c00ea33756112\mybatis-spring-2.0.7.jar;C:\Users\jjay\.gradle\caches\modules-2\files-2.1\org.springframework\spring-context\5.3.24\e48634d7b8f40d4d0fe978830be0247bfc2ff2cd\spring-context-5.3.24.jar;C:\Users\jjay\.gradle\caches\modules-2\files-2.1\org.springframework\spring-aop\5.3.24\efd01bc1048a2e1b6a7442fbd78170bc02c342b7\spring-aop-5.3.24.jar;C:\Users\jjay\.gradle\caches\modules-2\files-2.1\org.springframework\spring-jdbc\5.3.24\909c19ab470a59b9fd23177d26b8e880733b15d4\spring-jdbc-5.3.24.jar;C:\Users\jjay\.gradle\caches\modules-2\files-2.1\org.springframework\spring-tx\5.3.24\175a2157fce17669af6d4db1d094cb4baaa5c8fd\spring-tx-5.3.24.jar;C:\Users\jjay\.gradle\caches\modules-2\files-2.1\org.springframework\spring-beans\5.3.24\e487ea6de09b9a7c36548028feeafa511a593532\spring-beans-5.3.24.jar;C:\Users\jjay\.gradle\caches\modules-2\files-2.1\org.springframework\spring-expression\5.3.24\ae7410418e7b4bd27a01e3fb1c2fed35b2bc1e84\spring-expression-5.3.24.jar;C:\Users\jjay\.gradle\caches\modules-2\files-2.1\org.springframework\spring-core\5.3.24\d095c329f30baf2b6d44eccbd2352d7a2f840c72\spring-core-5.3.24.jar;C:\Users\jjay\.gradle\caches\modules-2\files-2.1\org.springframework.boot\spring-boot-starter-logging\2.7.6\33a2d9e08d33a6a6f8051ed38daac14046e2f97c\spring-boot-starter-logging-2.7.6.jar;C:\Users\jjay\.gradle\caches\modules-2\files-2.1\jakarta.annotation\jakarta.annotation-api\1.3.5\59eb84ee0d616332ff44aba065f3888cf002cd2d\jakarta.annotation-api-1.3.5.jar;C:\Users\jjay\.gradle\caches\modules-2\files-2.1\org.yaml\snakeyaml\1.30\8fde7fe2586328ac3c68db92045e1c8759125000\snakeyaml-1.30.jar;C:\Users\jjay\.gradle\caches\modules-2\files-2.1\com.fasterxml.jackson.datatype\jackson-datatype-jsr310\2.13.4\e6d820112871f33cd94a1dcc54eef58874753b5\jackson-datatype-jsr310-2.13.4.jar;C:\Users\jjay\.gradle\caches\modules-2\files-2.1\com.fasterxml.jackson.module\jackson-module-parameter-names\2.13.4\858ccf6624b5fac6044813e845063edb6a62cf37\jackson-module-parameter-names-2.13.4.jar;C:\Users\jjay\.gradle\caches\modules-2\files-2.1\com.fasterxml.jackson.core\jackson-annotations\2.13.4\858c6cc78e1f08a885b1613e1d817c829df70a6e\jackson-annotations-2.13.4.jar;C:\Users\jjay\.gradle\caches\modules-2\files-2.1\com.fasterxml.jackson.core\jackson-core\2.13.4\cf934c681294b97ef6d80082faeefbe1edadf56\jackson-core-2.13.4.jar;C:\Users\jjay\.gradle\caches\modules-2\files-2.1\com.fasterxml.jackson.datatype\jackson-datatype-jdk8\2.13.4\557dbba5d8dfc7b7f944c58fe084109afcb5670b\jackson-datatype-jdk8-2.13.4.jar;C:\Users\jjay\.gradle\caches\modules-2\files-2.1\com.fasterxml.jackson.core\jackson-databind\2.13.4.2\325c06bdfeb628cfb80ebaaf1a26cc1eb558a585\jackson-databind-2.13.4.2.jar;C:\Users\jjay\.gradle\caches\modules-2\files-2.1\org.apache.tomcat.embed\tomcat-embed-websocket\9.0.69\c5da77c17a667b4e7a6bb01fb3b28c46c2717123\tomcat-embed-websocket-9.0.69.jar;C:\Users\jjay\.gradle\caches\modules-2\files-2.1\org.apache.tomcat.embed\tomcat-embed-core\9.0.69\27f2530eba96238aca56593bbd98edfdb038d9ef\tomcat-embed-core-9.0.69.jar;C:\Users\jjay\.gradle\caches\modules-2\files-2.1\org.apache.tomcat.embed\tomcat-embed-el\9.0.69\9c89a289c35b9ec20bdfb692a22dab87256bbe67\tomcat-embed-el-9.0.69.jar;C:\Users\jjay\.gradle\caches\modules-2\files-2.1\com.zaxxer\HikariCP\4.0.3\107cbdf0db6780a065f895ae9d8fbf3bb0e1c21f\HikariCP-4.0.3.jar;C:\Users\jjay\.gradle\caches\modules-2\files-2.1\org.springframework\spring-jcl\5.3.24\2b30878663ceed2af07238dc54e92e5bf001438d\spring-jcl-5.3.24.jar;C:\Users\jjay\.gradle\caches\modules-2\files-2.1\ch.qos.logback\logback-classic\1.2.11\4741689214e9d1e8408b206506cbe76d1c6a7d60\logback-classic-1.2.11.jar;C:\Users\jjay\.gradle\caches\modules-2\files-2.1\org.apache.logging.log4j\log4j-to-slf4j\2.17.2\17dd0fae2747d9a28c67bc9534108823d2376b46\log4j-to-slf4j-2.17.2.jar;C:\Users\jjay\.gradle\caches\modules-2\files-2.1\org.slf4j\jul-to-slf4j\1.7.36\ed46d81cef9c412a88caef405b58f93a678ff2ca\jul-to-slf4j-1.7.36.jar;C:\Users\jjay\.gradle\caches\modules-2\files-2.1\org.slf4j\slf4j-api\1.7.36\6c62681a2f655b49963a5983b8b0950a6120ae14\slf4j-api-1.7.36.jar;C:\Users\jjay\.gradle\caches\modules-2\files-2.1\ch.qos.logback\logback-core\1.2.11\a01230df5ca5c34540cdaa3ad5efb012f1f1f792\logback-core-1.2.11.jar;C:\Users\jjay\.gradle\caches\modules-2\files-2.1\org.apache.logging.log4j\log4j-api\2.17.2\f42d6afa111b4dec5d2aea0fe2197240749a4ea6\log4j-api-2.17.2.jar
Launcher Type: SUN_STANDARD

[Global flags]
     intx CICompilerCount                          = 4                                         {product} {ergonomic}
     uint ConcGCThreads                            = 3                                         {product} {ergonomic}
     uint G1ConcRefinementThreads                  = 10                                        {product} {ergonomic}
   size_t G1HeapRegionSize                         = 2097152                                   {product} {ergonomic}
    uintx GCDrainStackTargetSize                   = 64                                        {product} {ergonomic}
   size_t InitialHeapSize                          = 268435456                                 {product} {ergonomic}
   size_t MarkStackSize                            = 4194304                                   {product} {ergonomic}
   size_t MaxHeapSize                              = 4267704320                                {product} {ergonomic}
   size_t MaxNewSize                               = 2560622592                                {product} {ergonomic}
   size_t MinHeapDeltaBytes                        = 2097152                                   {product} {ergonomic}
   size_t MinHeapSize                              = 8388608                                   {product} {ergonomic}
    uintx NonNMethodCodeHeapSize                   = 5839372                                {pd product} {ergonomic}
    uintx NonProfiledCodeHeapSize                  = 122909434                              {pd product} {ergonomic}
    uintx ProfiledCodeHeapSize                     = 122909434                              {pd product} {ergonomic}
    uintx ReservedCodeCacheSize                    = 251658240                              {pd product} {ergonomic}
     bool SegmentedCodeCache                       = true                                      {product} {ergonomic}
   size_t SoftMaxHeapSize                          = 4267704320                             {manageable} {ergonomic}
     bool UseCompressedClassPointers               = true                           {product lp64_product} {ergonomic}
     bool UseCompressedOops                        = true                           {product lp64_product} {ergonomic}
     bool UseG1GC                                  = true                                      {product} {ergonomic}
     bool UseLargePagesIndividualAllocation        = false                                  {pd product} {ergonomic}

Logging:
Log output configuration:
 #0: stdout all=warning uptime,level,tags foldmultilines=false
 #1: stderr all=off uptime,level,tags foldmultilines=false

Environment Variables:
JAVA_HOME=C:\Program Files\Java\jdk1.8.0_351
PATH=C:\Windows\system32;C:\Windows;C:\Windows\System32\Wbem;C:\Windows\System32\WindowsPowerShell\v1.0\;C:\Program Files (x86)\ePapyrus\Papyrus-PlugIn-xfa;C:\Program Files (x86)\ePapyrus\Papyrus-PlugIn-xfa\Addins;C:\Program Files (x86)\NVIDIA Corporation\PhysX\Common;C:\MinGW\bin;C:\MinGW\msys\1.0\bin;C:\WINDOWS\system32;C:\WINDOWS;C:\WINDOWS\System32\Wbem;C:\WINDOWS\System32\WindowsPowerShell\v1.0\;C:\WINDOWS\System32\OpenSSH\;C:\Program Files\NVIDIA Corporation\NVIDIA NvDLISR;C:\Program Files\Git\cmd;C:\Program Files (x86)\Windows Kits\10\Windows Performance Toolkit\;C:\WINDOWS\system32;C:\WINDOWS;C:\WINDOWS\System32\Wbem;C:\WINDOWS\System32\WindowsPowerShell\v1.0\;C:\WINDOWS\System32\OpenSSH\;C:\Program Files\Java\jdk1.8.0_351\bin;C:\Program Files\dotnet\;C:\Program Files (x86)\Pulse Secure\VC142.CRT\X64\;C:\Program Files (x86)\Pulse Secure\VC142.CRT\X86\;C:\Program Files (x86)\Common Files\Pulse Secure\TNC Client Plugin\;C:\Program Files\PuTTY\;C:\Program Files\nodejs\;C:\Program Files\Docker\Docker\resources\bin;C:\Users\jjay\AppData\Local\Programs\Python\Python310\Scripts\;C:\Users\jjay\AppData\Local\Programs\Python\Python310\;C:\Users\jjay\AppData\Local\Programs\Python\Python311\Scripts\;C:\Users\jjay\AppData\Local\Programs\Python\Python311\;C:\Users\jjay\AppData\Local\Microsoft\WindowsApps;C:\Users\jjay\AppData\Local\Programs\Microsoft VS Code\bin;C:\Users\jjay\AppData\Local\Microsoft\WindowsApps;C:\Users\jjay\AppData\Local\gitkraken\bin;C:\Users\jjay\AppData\Roaming\npm
USERNAME=jjay
OS=Windows_NT
PROCESSOR_IDENTIFIER=AMD64 Family 25 Model 33 Stepping 2, AuthenticAMD
TMP=C:\Users\jjay\AppData\Local\Temp
TEMP=C:\Users\jjay\AppData\Local\Temp



---------------  S Y S T E M  ---------------

OS:
 Windows 10 , 64 bit Build 19041 (10.0.19041.2364)
OS uptime: 4 days 13:11 hours
Hyper-V role detected

CPU: total 12 (initial active 12) (12 cores per cpu, 2 threads per core) family 25 model 33 stepping 2 microcode 0x0, cx8, cmov, fxsr, ht, mmx, 3dnowpref, sse, sse2, sse3, ssse3, sse4a, sse4.1, sse4.2, popcnt, lzcnt, tsc, tscinvbit, avx, avx2, aes, erms, clmul, bmi1, bmi2, adx, sha, fma, vzeroupper, clflush, clflushopt, hv, rdtscp, rdpid, fsrm

Memory: 4k page, system-wide physical 16273M (3308M free)
TotalPageFile size 16273M (AvailPageFile size 55M)
current process WorkingSet (physical memory assigned to process): 186M, peak: 215M
current process commit charge ("private bytes"): 229M, peak: 412M

vm_info: Java HotSpot(TM) 64-Bit Server VM (19.0.1+10-21) for windows-amd64 JRE (19.0.1+10-21), built on 2022-09-14T12:45:06Z by "mach5one" with MS VC++ 17.1 (VS2022)

END.
